2023-03-12T06:14:53.3668036 401 : [no body]
2023-03-12T06:15:06.7933734 401 : [no body]
2023-03-12T06:15:28.1189779 401 : [no body]
2023-03-12T06:15:49.3069203 404 : [{"timestamp":"2023-03-12T10:15:49.292+00:00","status":404,"error":"Not Found","message":"No message available","path":"/balance1007"}]
2023-03-12T06:15:51.8571291 401 : [{"timestamp":"2023-03-12T10:15:51.852+00:00","status":401,"error":"Unauthorized","message":"Full authentication is required to access this resource","path":"/transfer"}]
2023-03-12T06:19:28.8020155 401 : [{"timestamp":"2023-03-12T10:19:28.784+00:00","status":401,"error":"Unauthorized","message":"Full authentication is required to access this resource","path":"/transfer"}]
2023-03-12T10:48:51.1572645 404 : [{"timestamp":"2023-03-12T14:48:51.139+00:00","status":404,"error":"Not Found","message":"No message available","path":"/balance1004"}]
2023-03-12T10:48:59.0731659 401 : [{"timestamp":"2023-03-12T14:48:59.069+00:00","status":401,"error":"Unauthorized","message":"Full authentication is required to access this resource","path":"/transfer/pending"}]
2023-03-12T10:48:59.0791627 401 : [{"timestamp":"2023-03-12T14:48:59.078+00:00","status":401,"error":"Unauthorized","message":"Full authentication is required to access this resource","path":"/transfer/pending"}]
2023-03-12T10:49:57.8749431 401 : [no body]
2023-03-12T10:50:13.4086452 401 : [{"timestamp":"2023-03-12T14:50:13.402+00:00","status":401,"error":"Unauthorized","message":"Full authentication is required to access this resource","path":"/user"}]
2023-03-12T10:50:31.249067 401 : [{"timestamp":"2023-03-12T14:50:31.232+00:00","status":401,"error":"Unauthorized","message":"Full authentication is required to access this resource","path":"/user"}]
2023-03-12T10:56:18.8619202 401 : [{"timestamp":"2023-03-12T14:56:18.845+00:00","status":401,"error":"Unauthorized","message":"Full authentication is required to access this resource","path":"/user"}]
2023-03-12T11:51:13.540594 404 : [{"timestamp":"2023-03-12T15:51:13.526+00:00","status":404,"error":"Not Found","message":"No message available","path":"/balance1007"}]
2023-03-12T11:51:26.0699783 401 : [{"timestamp":"2023-03-12T15:51:26.062+00:00","status":401,"error":"Unauthorized","message":"Full authentication is required to access this resource","path":"/transfer/pending"}]
2023-03-12T11:51:26.0779744 401 : [{"timestamp":"2023-03-12T15:51:26.075+00:00","status":401,"error":"Unauthorized","message":"Full authentication is required to access this resource","path":"/transfer/pending"}]
2023-03-12T13:27:46.5670679 401 : [no body]
2023-03-12T13:28:13.9333358 404 : [{"timestamp":"2023-03-12T17:28:13.931+00:00","status":404,"error":"Not Found","message":"No message available","path":"/balance1004"}]
2023-03-12T13:28:16.0315745 401 : [{"timestamp":"2023-03-12T17:28:16.024+00:00","status":401,"error":"Unauthorized","message":"Full authentication is required to access this resource","path":"/transfer/pending"}]
2023-03-12T13:28:16.0385719 401 : [{"timestamp":"2023-03-12T17:28:16.035+00:00","status":401,"error":"Unauthorized","message":"Full authentication is required to access this resource","path":"/transfer/pending"}]
